{"/Users/yoki/Desktop/projects/car-pooling-challenge-candidate-WU0YzNkM2Y/src/main.ts": {"path":"/Users/yoki/Desktop/projects/car-pooling-challenge-candidate-WU0YzNkM2Y/src/main.ts","statementMap":{"0":{"start":{"line":1,"column":0},"end":{"line":1,"column":43}},"1":{"start":{"line":2,"column":0},"end":{"line":2,"column":49}},"2":{"start":{"line":3,"column":0},"end":{"line":3,"column":53}},"3":{"start":{"line":4,"column":0},"end":{"line":4,"column":65}},"4":{"start":{"line":5,"column":0},"end":{"line":5,"column":31}},"5":{"start":{"line":8,"column":14},"end":{"line":8,"column":49}},"6":{"start":{"line":11,"column":2},"end":{"line":11,"column":35}},"7":{"start":{"line":12,"column":17},"end":{"line":17,"column":12}},"8":{"start":{"line":18,"column":19},"end":{"line":18,"column":60}},"9":{"start":{"line":19,"column":2},"end":{"line":19,"column":44}},"10":{"start":{"line":20,"column":2},"end":{"line":20,"column":32}},"11":{"start":{"line":22,"column":0},"end":{"line":22,"column":12}}},"fnMap":{"0":{"name":"bootstrap","decl":{"start":{"line":7,"column":15},"end":{"line":7,"column":24}},"loc":{"start":{"line":7,"column":24},"end":{"line":21,"column":1}}}},"branchMap":{},"s":{"0":0,"1":0,"2":0,"3":0,"4":0,"5":0,"6":0,"7":0,"8":0,"9":0,"10":0,"11":0},"f":{"0":0},"b":{}}
,"/Users/yoki/Desktop/projects/car-pooling-challenge-candidate-WU0YzNkM2Y/src/common/constants.ts": {"path":"/Users/yoki/Desktop/projects/car-pooling-challenge-candidate-WU0YzNkM2Y/src/common/constants.ts","statementMap":{"0":{"start":{"line":1,"column":0},"end":{"line":1,"column":null}},"1":{"start":{"line":2,"column":4},"end":{"line":2,"column":null}},"2":{"start":{"line":3,"column":4},"end":{"line":3,"column":null}},"3":{"start":{"line":4,"column":4},"end":{"line":4,"column":null}},"4":{"start":{"line":5,"column":4},"end":{"line":5,"column":null}},"5":{"start":{"line":7,"column":0},"end":{"line":7,"column":null}},"6":{"start":{"line":8,"column":4},"end":{"line":8,"column":null}},"7":{"start":{"line":9,"column":4},"end":{"line":9,"column":null}},"8":{"start":{"line":11,"column":13},"end":{"line":16,"column":null}},"9":{"start":{"line":17,"column":13},"end":{"line":17,"column":32}},"10":{"start":{"line":18,"column":13},"end":{"line":31,"column":null}}},"fnMap":{"0":{"name":"(anonymous_0)","decl":{"start":{"line":1,"column":0},"end":{"line":1,"column":12}},"loc":{"start":{"line":1,"column":26},"end":{"line":6,"column":1}}},"1":{"name":"(anonymous_1)","decl":{"start":{"line":7,"column":0},"end":{"line":7,"column":12}},"loc":{"start":{"line":7,"column":27},"end":{"line":10,"column":1}}}},"branchMap":{"0":{"loc":{"start":{"line":1,"column":12},"end":{"line":1,"column":null}},"type":"binary-expr","locations":[{"start":{"line":1,"column":12},"end":{"line":1,"column":26}},{"start":{"line":1,"column":12},"end":{"line":1,"column":null}}]},"1":{"loc":{"start":{"line":7,"column":12},"end":{"line":7,"column":null}},"type":"binary-expr","locations":[{"start":{"line":7,"column":12},"end":{"line":7,"column":27}},{"start":{"line":7,"column":12},"end":{"line":7,"column":null}}]}},"s":{"0":11,"1":11,"2":11,"3":11,"4":11,"5":11,"6":11,"7":11,"8":11,"9":11,"10":11},"f":{"0":11,"1":11},"b":{"0":[11,11],"1":[11,11]}}
,"/Users/yoki/Desktop/projects/car-pooling-challenge-candidate-WU0YzNkM2Y/src/common/validations.ts": {"path":"/Users/yoki/Desktop/projects/car-pooling-challenge-candidate-WU0YzNkM2Y/src/common/validations.ts","statementMap":{"0":{"start":{"line":1,"column":13},"end":{"line":6,"column":null}},"1":{"start":{"line":7,"column":13},"end":{"line":12,"column":null}},"2":{"start":{"line":13,"column":13},"end":{"line":13,"column":27}}},"fnMap":{},"branchMap":{},"s":{"0":7,"1":7,"2":7},"f":{},"b":{}}
,"/Users/yoki/Desktop/projects/car-pooling-challenge-candidate-WU0YzNkM2Y/src/common/utils/DoublyLinkedList.ts": {"path":"/Users/yoki/Desktop/projects/car-pooling-challenge-candidate-WU0YzNkM2Y/src/common/utils/DoublyLinkedList.ts","statementMap":{"0":{"start":{"line":7,"column":8},"end":{"line":7,"column":25}},"1":{"start":{"line":8,"column":8},"end":{"line":8,"column":25}},"2":{"start":{"line":12,"column":8},"end":{"line":12,"column":43}},"3":{"start":{"line":12,"column":31},"end":{"line":12,"column":43}},"4":{"start":{"line":13,"column":8},"end":{"line":13,"column":21}},"5":{"start":{"line":19,"column":19},"end":{"line":19,"column":38}},"6":{"start":{"line":22,"column":8},"end":{"line":32,"column":null}},"7":{"start":{"line":23,"column":12},"end":{"line":23,"column":29}},"8":{"start":{"line":24,"column":12},"end":{"line":24,"column":29}},"9":{"start":{"line":29,"column":12},"end":{"line":29,"column":34}},"10":{"start":{"line":30,"column":12},"end":{"line":30,"column":34}},"11":{"start":{"line":31,"column":12},"end":{"line":31,"column":29}},"12":{"start":{"line":37,"column":8},"end":{"line":37,"column":25}},"13":{"start":{"line":42,"column":26},"end":{"line":42,"column":35}},"14":{"start":{"line":44,"column":8},"end":{"line":46,"column":null}},"15":{"start":{"line":45,"column":10},"end":{"line":45,"column":41}},"16":{"start":{"line":48,"column":8},"end":{"line":50,"column":null}},"17":{"start":{"line":49,"column":10},"end":{"line":49,"column":17}},"18":{"start":{"line":52,"column":8},"end":{"line":56,"column":null}},"19":{"start":{"line":53,"column":10},"end":{"line":53,"column":39}},"20":{"start":{"line":55,"column":10},"end":{"line":55,"column":51}},"21":{"start":{"line":58,"column":8},"end":{"line":62,"column":null}},"22":{"start":{"line":59,"column":10},"end":{"line":59,"column":39}},"23":{"start":{"line":61,"column":10},"end":{"line":61,"column":51}},"24":{"start":{"line":64,"column":8},"end":{"line":64,"column":27}},"25":{"start":{"line":1,"column":0},"end":{"line":1,"column":13}},"26":{"start":{"line":77,"column":8},"end":{"line":77,"column":26}},"27":{"start":{"line":78,"column":8},"end":{"line":78,"column":25}},"28":{"start":{"line":79,"column":8},"end":{"line":79,"column":25}}},"fnMap":{"0":{"name":"(anonymous_0)","decl":{"start":{"line":6,"column":4},"end":{"line":6,"column":null}},"loc":{"start":{"line":6,"column":4},"end":{"line":9,"column":5}}},"1":{"name":"(anonymous_1)","decl":{"start":{"line":11,"column":4},"end":{"line":11,"column":11}},"loc":{"start":{"line":11,"column":11},"end":{"line":14,"column":5}}},"2":{"name":"(anonymous_2)","decl":{"start":{"line":17,"column":4},"end":{"line":17,"column":7}},"loc":{"start":{"line":17,"column":22},"end":{"line":33,"column":5}}},"3":{"name":"(anonymous_3)","decl":{"start":{"line":36,"column":4},"end":{"line":36,"column":16}},"loc":{"start":{"line":36,"column":16},"end":{"line":38,"column":5}}},"4":{"name":"(anonymous_4)","decl":{"start":{"line":41,"column":4},"end":{"line":41,"column":10}},"loc":{"start":{"line":41,"column":24},"end":{"line":65,"column":5}}},"5":{"name":"(anonymous_5)","decl":{"start":{"line":76,"column":4},"end":{"line":76,"column":16}},"loc":{"start":{"line":76,"column":30},"end":{"line":80,"column":5}}}},"branchMap":{"0":{"loc":{"start":{"line":12,"column":8},"end":{"line":12,"column":43}},"type":"if","locations":[{"start":{"line":12,"column":8},"end":{"line":12,"column":43}}]},"1":{"loc":{"start":{"line":22,"column":8},"end":{"line":32,"column":null}},"type":"if","locations":[{"start":{"line":22,"column":8},"end":{"line":32,"column":null}},{"start":{"line":28,"column":13},"end":{"line":32,"column":null}}]},"2":{"loc":{"start":{"line":44,"column":15},"end":{"line":44,"column":65}},"type":"binary-expr","locations":[{"start":{"line":44,"column":15},"end":{"line":44,"column":35}},{"start":{"line":44,"column":39},"end":{"line":44,"column":65}}]},"3":{"loc":{"start":{"line":48,"column":8},"end":{"line":50,"column":null}},"type":"if","locations":[{"start":{"line":48,"column":8},"end":{"line":50,"column":null}}]},"4":{"loc":{"start":{"line":52,"column":8},"end":{"line":56,"column":null}},"type":"if","locations":[{"start":{"line":52,"column":8},"end":{"line":56,"column":null}},{"start":{"line":54,"column":15},"end":{"line":56,"column":null}}]},"5":{"loc":{"start":{"line":58,"column":8},"end":{"line":62,"column":null}},"type":"if","locations":[{"start":{"line":58,"column":8},"end":{"line":62,"column":null}},{"start":{"line":60,"column":15},"end":{"line":62,"column":null}}]}},"s":{"0":137,"1":137,"2":3,"3":1,"4":2,"5":106,"6":106,"7":87,"8":87,"9":19,"10":19,"11":19,"12":10,"13":6,"14":6,"15":1,"16":6,"17":1,"18":5,"19":4,"20":1,"21":5,"22":3,"23":2,"24":5,"25":13,"26":106,"27":106,"28":106},"f":{"0":137,"1":3,"2":106,"3":10,"4":6,"5":106},"b":{"0":[1],"1":[87,19],"2":[7,6],"3":[1],"4":[4,1],"5":[3,2]}}
,"/Users/yoki/Desktop/projects/car-pooling-challenge-candidate-WU0YzNkM2Y/src/middleware/common.request.middleware.ts": {"path":"/Users/yoki/Desktop/projects/car-pooling-challenge-candidate-WU0YzNkM2Y/src/middleware/common.request.middleware.ts","statementMap":{"0":{"start":{"line":1,"column":0},"end":{"line":1,"column":81}},"1":{"start":{"line":3,"column":0},"end":{"line":3,"column":54}},"2":{"start":{"line":4,"column":0},"end":{"line":4,"column":89}},"3":{"start":{"line":12,"column":7},"end":{"line":28,"column":null}},"4":{"start":{"line":14,"column":24},"end":{"line":14,"column":51}},"5":{"start":{"line":15,"column":19},"end":{"line":15,"column":29}},"6":{"start":{"line":18,"column":20},"end":{"line":18,"column":45}},"7":{"start":{"line":20,"column":4},"end":{"line":22,"column":null}},"8":{"start":{"line":21,"column":8},"end":{"line":21,"column":79}},"9":{"start":{"line":23,"column":4},"end":{"line":25,"column":null}},"10":{"start":{"line":24,"column":8},"end":{"line":24,"column":81}},"11":{"start":{"line":26,"column":4},"end":{"line":26,"column":11}},"12":{"start":{"line":12,"column":13},"end":{"line":28,"column":null}},"13":{"start":{"line":12,"column":13},"end":{"line":12,"column":36}}},"fnMap":{"0":{"name":"(anonymous_1)","decl":{"start":{"line":13,"column":2},"end":{"line":13,"column":5}},"loc":{"start":{"line":13,"column":53},"end":{"line":27,"column":3}}}},"branchMap":{"0":{"loc":{"start":{"line":20,"column":4},"end":{"line":22,"column":null}},"type":"if","locations":[{"start":{"line":20,"column":4},"end":{"line":22,"column":null}}]},"1":{"loc":{"start":{"line":23,"column":4},"end":{"line":25,"column":null}},"type":"if","locations":[{"start":{"line":23,"column":4},"end":{"line":25,"column":null}}]}},"s":{"0":2,"1":2,"2":2,"3":2,"4":3,"5":3,"6":3,"7":3,"8":1,"9":2,"10":1,"11":1,"12":2,"13":2},"f":{"0":3},"b":{"0":[1],"1":[1]}}
,"/Users/yoki/Desktop/projects/car-pooling-challenge-candidate-WU0YzNkM2Y/src/modules/app/app.controller.ts": {"path":"/Users/yoki/Desktop/projects/car-pooling-challenge-candidate-WU0YzNkM2Y/src/modules/app/app.controller.ts","statementMap":{"0":{"start":{"line":1,"column":0},"end":{"line":1,"column":49}},"1":{"start":{"line":2,"column":0},"end":{"line":2,"column":43}},"2":{"start":{"line":5,"column":7},"end":{"line":12,"column":null}},"3":{"start":{"line":6,"column":31},"end":{"line":6,"column":43}},"4":{"start":{"line":10,"column":4},"end":{"line":10,"column":39}},"5":{"start":{"line":8,"column":2},"end":{"line":11,"column":null}},"6":{"start":{"line":5,"column":13},"end":{"line":12,"column":null}},"7":{"start":{"line":5,"column":13},"end":{"line":5,"column":26}}},"fnMap":{"0":{"name":"(anonymous_2)","decl":{"start":{"line":6,"column":2},"end":{"line":6,"column":31}},"loc":{"start":{"line":6,"column":53},"end":{"line":6,"column":57}}},"1":{"name":"(anonymous_3)","decl":{"start":{"line":9,"column":2},"end":{"line":9,"column":11}},"loc":{"start":{"line":9,"column":11},"end":{"line":11,"column":3}}}},"branchMap":{},"s":{"0":2,"1":2,"2":2,"3":3,"4":1,"5":2,"6":2,"7":2},"f":{"0":3,"1":1},"b":{}}
,"/Users/yoki/Desktop/projects/car-pooling-challenge-candidate-WU0YzNkM2Y/src/modules/app/app.module.ts": {"path":"/Users/yoki/Desktop/projects/car-pooling-challenge-candidate-WU0YzNkM2Y/src/modules/app/app.module.ts","statementMap":{"0":{"start":{"line":1,"column":0},"end":{"line":1,"column":72}},"1":{"start":{"line":2,"column":0},"end":{"line":2,"column":83}},"2":{"start":{"line":3,"column":0},"end":{"line":3,"column":49}},"3":{"start":{"line":4,"column":0},"end":{"line":4,"column":58}},"4":{"start":{"line":5,"column":0},"end":{"line":5,"column":49}},"5":{"start":{"line":6,"column":0},"end":{"line":6,"column":43}},"6":{"start":{"line":14,"column":7},"end":{"line":29,"column":null}},"7":{"start":{"line":16,"column":4},"end":{"line":18,"column":25}},"8":{"start":{"line":19,"column":4},"end":{"line":21,"column":28}},"9":{"start":{"line":22,"column":4},"end":{"line":24,"column":27}},"10":{"start":{"line":25,"column":4},"end":{"line":27,"column":28}},"11":{"start":{"line":14,"column":13},"end":{"line":29,"column":null}},"12":{"start":{"line":14,"column":13},"end":{"line":14,"column":22}}},"fnMap":{"0":{"name":"(anonymous_1)","decl":{"start":{"line":15,"column":2},"end":{"line":15,"column":11}},"loc":{"start":{"line":15,"column":40},"end":{"line":28,"column":3}}}},"branchMap":{},"s":{"0":1,"1":1,"2":1,"3":1,"4":1,"5":1,"6":1,"7":1,"8":1,"9":1,"10":1,"11":1,"12":1},"f":{"0":1},"b":{}}
,"/Users/yoki/Desktop/projects/car-pooling-challenge-candidate-WU0YzNkM2Y/src/modules/app/app.service.ts": {"path":"/Users/yoki/Desktop/projects/car-pooling-challenge-candidate-WU0YzNkM2Y/src/modules/app/app.service.ts","statementMap":{"0":{"start":{"line":1,"column":0},"end":{"line":1,"column":44}},"1":{"start":{"line":4,"column":7},"end":{"line":8,"column":null}},"2":{"start":{"line":6,"column":4},"end":{"line":6,"column":16}},"3":{"start":{"line":4,"column":13},"end":{"line":8,"column":null}},"4":{"start":{"line":4,"column":13},"end":{"line":4,"column":23}}},"fnMap":{"0":{"name":"(anonymous_1)","decl":{"start":{"line":5,"column":2},"end":{"line":5,"column":11}},"loc":{"start":{"line":5,"column":11},"end":{"line":7,"column":3}}}},"branchMap":{},"s":{"0":2,"1":2,"2":1,"3":2,"4":2},"f":{"0":1},"b":{}}
,"/Users/yoki/Desktop/projects/car-pooling-challenge-candidate-WU0YzNkM2Y/src/modules/cars/cars.controller.ts": {"path":"/Users/yoki/Desktop/projects/car-pooling-challenge-candidate-WU0YzNkM2Y/src/modules/cars/cars.controller.ts","statementMap":{"0":{"start":{"line":1,"column":0},"end":{"line":1,"column":65}},"1":{"start":{"line":2,"column":0},"end":{"line":2,"column":64}},"2":{"start":{"line":3,"column":0},"end":{"line":3,"column":45}},"3":{"start":{"line":4,"column":0},"end":{"line":4,"column":48}},"4":{"start":{"line":5,"column":0},"end":{"line":5,"column":44}},"5":{"start":{"line":6,"column":0},"end":{"line":6,"column":57}},"6":{"start":{"line":7,"column":0},"end":{"line":7,"column":60}},"7":{"start":{"line":10,"column":7},"end":{"line":20,"column":null}},"8":{"start":{"line":11,"column":31},"end":{"line":11,"column":44}},"9":{"start":{"line":18,"column":4},"end":{"line":18,"column":53}},"10":{"start":{"line":17,"column":8},"end":{"line":19,"column":null}},"11":{"start":{"line":10,"column":13},"end":{"line":20,"column":null}},"12":{"start":{"line":10,"column":13},"end":{"line":10,"column":27}}},"fnMap":{"0":{"name":"(anonymous_4)","decl":{"start":{"line":11,"column":2},"end":{"line":11,"column":31}},"loc":{"start":{"line":11,"column":55},"end":{"line":11,"column":59}}},"1":{"name":"(anonymous_5)","decl":{"start":{"line":17,"column":2},"end":{"line":17,"column":7}},"loc":{"start":{"line":17,"column":57},"end":{"line":19,"column":3}}}},"branchMap":{},"s":{"0":4,"1":4,"2":4,"3":4,"4":4,"5":4,"6":4,"7":4,"8":5,"9":1,"10":4,"11":4,"12":4},"f":{"0":5,"1":1},"b":{}}
,"/Users/yoki/Desktop/projects/car-pooling-challenge-candidate-WU0YzNkM2Y/src/modules/cars/cars.db.ts": {"path":"/Users/yoki/Desktop/projects/car-pooling-challenge-candidate-WU0YzNkM2Y/src/modules/cars/cars.db.ts","statementMap":{"0":{"start":{"line":1,"column":0},"end":{"line":1,"column":44}},"1":{"start":{"line":2,"column":0},"end":{"line":2,"column":69}},"2":{"start":{"line":4,"column":0},"end":{"line":4,"column":49}},"3":{"start":{"line":6,"column":0},"end":{"line":6,"column":60}},"4":{"start":{"line":9,"column":7},"end":{"line":97,"column":null}},"5":{"start":{"line":14,"column":5},"end":{"line":14,"column":20}},"6":{"start":{"line":15,"column":5},"end":{"line":15,"column":27}},"7":{"start":{"line":23,"column":4},"end":{"line":23,"column":21}},"8":{"start":{"line":31,"column":4},"end":{"line":31,"column":28}},"9":{"start":{"line":40,"column":4},"end":{"line":40,"column":null}},"10":{"start":{"line":49,"column":4},"end":{"line":49,"column":35}},"11":{"start":{"line":58,"column":4},"end":{"line":65,"column":null}},"12":{"start":{"line":59,"column":38},"end":{"line":59,"column":64}},"13":{"start":{"line":60,"column":8},"end":{"line":60,"column":25}},"14":{"start":{"line":61,"column":8},"end":{"line":61,"column":39}},"15":{"start":{"line":62,"column":8},"end":{"line":62,"column":44}},"16":{"start":{"line":64,"column":8},"end":{"line":64,"column":47}},"17":{"start":{"line":75,"column":4},"end":{"line":78,"column":null}},"18":{"start":{"line":76,"column":33},"end":{"line":76,"column":63}},"19":{"start":{"line":77,"column":8},"end":{"line":77,"column":39}},"20":{"start":{"line":79,"column":4},"end":{"line":87,"column":null}},"21":{"start":{"line":80,"column":33},"end":{"line":80,"column":63}},"22":{"start":{"line":81,"column":8},"end":{"line":86,"column":null}},"23":{"start":{"line":82,"column":12},"end":{"line":82,"column":68}},"24":{"start":{"line":83,"column":12},"end":{"line":83,"column":54}},"25":{"start":{"line":85,"column":12},"end":{"line":85,"column":40}},"26":{"start":{"line":94,"column":4},"end":{"line":94,"column":19}},"27":{"start":{"line":95,"column":4},"end":{"line":95,"column":26}},"28":{"start":{"line":9,"column":13},"end":{"line":97,"column":null}},"29":{"start":{"line":9,"column":13},"end":{"line":9,"column":19}}},"fnMap":{"0":{"name":"(anonymous_2)","decl":{"start":{"line":13,"column":2},"end":{"line":13,"column":null}},"loc":{"start":{"line":13,"column":2},"end":{"line":16,"column":3}}},"1":{"name":"(anonymous_3)","decl":{"start":{"line":22,"column":2},"end":{"line":22,"column":13}},"loc":{"start":{"line":22,"column":13},"end":{"line":24,"column":3}}},"2":{"name":"(anonymous_4)","decl":{"start":{"line":30,"column":2},"end":{"line":30,"column":16}},"loc":{"start":{"line":30,"column":16},"end":{"line":32,"column":3}}},"3":{"name":"(anonymous_5)","decl":{"start":{"line":39,"column":2},"end":{"line":39,"column":12}},"loc":{"start":{"line":39,"column":26},"end":{"line":41,"column":3}}},"4":{"name":"(anonymous_6)","decl":{"start":{"line":48,"column":2},"end":{"line":48,"column":25}},"loc":{"start":{"line":48,"column":39},"end":{"line":50,"column":3}}},"5":{"name":"(anonymous_7)","decl":{"start":{"line":57,"column":2},"end":{"line":57,"column":16}},"loc":{"start":{"line":57,"column":43},"end":{"line":66,"column":3}}},"6":{"name":"(anonymous_8)","decl":{"start":{"line":74,"column":2},"end":{"line":74,"column":19}},"loc":{"start":{"line":74,"column":77},"end":{"line":88,"column":3}}},"7":{"name":"(anonymous_9)","decl":{"start":{"line":93,"column":2},"end":{"line":93,"column":9}},"loc":{"start":{"line":93,"column":9},"end":{"line":96,"column":3}}}},"branchMap":{"0":{"loc":{"start":{"line":75,"column":4},"end":{"line":78,"column":null}},"type":"if","locations":[{"start":{"line":75,"column":4},"end":{"line":78,"column":null}}]},"1":{"loc":{"start":{"line":79,"column":4},"end":{"line":87,"column":null}},"type":"if","locations":[{"start":{"line":79,"column":4},"end":{"line":87,"column":null}}]},"2":{"loc":{"start":{"line":81,"column":8},"end":{"line":86,"column":null}},"type":"if","locations":[{"start":{"line":81,"column":8},"end":{"line":86,"column":null}},{"start":{"line":84,"column":15},"end":{"line":86,"column":null}}]}},"s":{"0":8,"1":8,"2":8,"3":8,"4":8,"5":34,"6":34,"7":5,"8":7,"9":1,"10":1,"11":9,"12":9,"13":8,"14":8,"15":8,"16":1,"17":2,"18":2,"19":2,"20":2,"21":2,"22":2,"23":1,"24":1,"25":1,"26":1,"27":1,"28":8,"29":8},"f":{"0":34,"1":5,"2":7,"3":1,"4":1,"5":9,"6":2,"7":1},"b":{"0":[2],"1":[2],"2":[1,1]}}
,"/Users/yoki/Desktop/projects/car-pooling-challenge-candidate-WU0YzNkM2Y/src/modules/cars/cars.dto.ts": {"path":"/Users/yoki/Desktop/projects/car-pooling-challenge-candidate-WU0YzNkM2Y/src/modules/cars/cars.dto.ts","statementMap":{"0":{"start":{"line":1,"column":0},"end":{"line":1,"column":13}}},"fnMap":{},"branchMap":{},"s":{"0":5},"f":{},"b":{}}
,"/Users/yoki/Desktop/projects/car-pooling-challenge-candidate-WU0YzNkM2Y/src/modules/cars/cars.helper.ts": {"path":"/Users/yoki/Desktop/projects/car-pooling-challenge-candidate-WU0YzNkM2Y/src/modules/cars/cars.helper.ts","statementMap":{"0":{"start":{"line":1,"column":0},"end":{"line":1,"column":69}},"1":{"start":{"line":9,"column":32},"end":{"line":32,"column":1}},"2":{"start":{"line":10,"column":20},"end":{"line":10,"column":22}},"3":{"start":{"line":11,"column":62},"end":{"line":11,"column":64}},"4":{"start":{"line":13,"column":4},"end":{"line":30,"column":7}},"5":{"start":{"line":14,"column":8},"end":{"line":19,"column":null}},"6":{"start":{"line":22,"column":8},"end":{"line":29,"column":null}},"7":{"start":{"line":23,"column":32},"end":{"line":23,"column":57}},"8":{"start":{"line":24,"column":12},"end":{"line":24,"column":null}},"9":{"start":{"line":26,"column":25},"end":{"line":26,"column":47}},"10":{"start":{"line":27,"column":12},"end":{"line":27,"column":null}},"11":{"start":{"line":28,"column":12},"end":{"line":28,"column":45}},"12":{"start":{"line":31,"column":4},"end":{"line":31,"column":58}},"13":{"start":{"line":9,"column":13},"end":{"line":9,"column":32}}},"fnMap":{"0":{"name":"(anonymous_0)","decl":{"start":{"line":9,"column":32},"end":{"line":9,"column":33}},"loc":{"start":{"line":9,"column":59},"end":{"line":32,"column":1}}},"1":{"name":"(anonymous_1)","decl":{"start":{"line":13,"column":17},"end":{"line":13,"column":20}},"loc":{"start":{"line":13,"column":23},"end":{"line":30,"column":5}}}},"branchMap":{"0":{"loc":{"start":{"line":22,"column":8},"end":{"line":29,"column":null}},"type":"if","locations":[{"start":{"line":22,"column":8},"end":{"line":29,"column":null}},{"start":{"line":25,"column":15},"end":{"line":29,"column":null}}]}},"s":{"0":9,"1":9,"2":11,"3":11,"4":11,"5":21,"6":21,"7":1,"8":1,"9":20,"10":20,"11":20,"12":10,"13":9},"f":{"0":11,"1":21},"b":{"0":[1,20]}}
,"/Users/yoki/Desktop/projects/car-pooling-challenge-candidate-WU0YzNkM2Y/src/modules/cars/cars.module.ts": {"path":"/Users/yoki/Desktop/projects/car-pooling-challenge-candidate-WU0YzNkM2Y/src/modules/cars/cars.module.ts","statementMap":{"0":{"start":{"line":1,"column":0},"end":{"line":1,"column":52}},"1":{"start":{"line":2,"column":0},"end":{"line":2,"column":58}},"2":{"start":{"line":3,"column":0},"end":{"line":3,"column":51}},"3":{"start":{"line":4,"column":0},"end":{"line":4,"column":35}},"4":{"start":{"line":5,"column":0},"end":{"line":5,"column":45}},"5":{"start":{"line":13,"column":7},"end":{"line":13,"column":null}},"6":{"start":{"line":13,"column":13},"end":{"line":13,"column":null}},"7":{"start":{"line":8,"column":31},"end":{"line":8,"column":44}},"8":{"start":{"line":13,"column":13},"end":{"line":13,"column":23}}},"fnMap":{"0":{"name":"(anonymous_1)","decl":{"start":{"line":8,"column":25},"end":{"line":8,"column":28}},"loc":{"start":{"line":8,"column":31},"end":{"line":8,"column":44}}}},"branchMap":{},"s":{"0":3,"1":3,"2":3,"3":3,"4":3,"5":3,"6":3,"7":12,"8":3},"f":{"0":12},"b":{}}
,"/Users/yoki/Desktop/projects/car-pooling-challenge-candidate-WU0YzNkM2Y/src/modules/cars/cars.schema.ts": {"path":"/Users/yoki/Desktop/projects/car-pooling-challenge-candidate-WU0YzNkM2Y/src/modules/cars/cars.schema.ts","statementMap":{"0":{"start":{"line":1,"column":0},"end":{"line":1,"column":24}},"1":{"start":{"line":3,"column":19},"end":{"line":6,"column":2}},"2":{"start":{"line":8,"column":13},"end":{"line":8,"column":null}}},"fnMap":{},"branchMap":{},"s":{"0":5,"1":5,"2":5},"f":{},"b":{}}
,"/Users/yoki/Desktop/projects/car-pooling-challenge-candidate-WU0YzNkM2Y/src/modules/cars/cars.service.ts": {"path":"/Users/yoki/Desktop/projects/car-pooling-challenge-candidate-WU0YzNkM2Y/src/modules/cars/cars.service.ts","statementMap":{"0":{"start":{"line":1,"column":0},"end":{"line":1,"column":72}},"1":{"start":{"line":2,"column":0},"end":{"line":2,"column":50}},"2":{"start":{"line":3,"column":0},"end":{"line":3,"column":35}},"3":{"start":{"line":7,"column":24},"end":{"line":29,"column":null}},"4":{"start":{"line":10,"column":31},"end":{"line":10,"column":39}},"5":{"start":{"line":10,"column":92},"end":{"line":10,"column":103}},"6":{"start":{"line":8,"column":19},"end":{"line":8,"column":57}},"7":{"start":{"line":20,"column":4},"end":{"line":20,"column":42}},"8":{"start":{"line":22,"column":4},"end":{"line":22,"column":26}},"9":{"start":{"line":23,"column":4},"end":{"line":23,"column":29}},"10":{"start":{"line":25,"column":21},"end":{"line":25,"column":53}},"11":{"start":{"line":26,"column":4},"end":{"line":26,"column":41}},"12":{"start":{"line":27,"column":4},"end":{"line":27,"column":20}},"13":{"start":{"line":7,"column":13},"end":{"line":29,"column":null}},"14":{"start":{"line":10,"column":72},"end":{"line":10,"column":81}},"15":{"start":{"line":7,"column":13},"end":{"line":7,"column":24}}},"fnMap":{"0":{"name":"(anonymous_4)","decl":{"start":{"line":10,"column":2},"end":{"line":10,"column":31}},"loc":{"start":{"line":10,"column":112},"end":{"line":10,"column":116}}},"1":{"name":"(anonymous_5)","decl":{"start":{"line":19,"column":2},"end":{"line":19,"column":16}},"loc":{"start":{"line":19,"column":39},"end":{"line":28,"column":3}}},"2":{"name":"(anonymous_6)","decl":{"start":{"line":10,"column":66},"end":{"line":10,"column":69}},"loc":{"start":{"line":10,"column":72},"end":{"line":10,"column":81}}}},"branchMap":{},"s":{"0":5,"1":5,"2":5,"3":5,"4":6,"5":6,"6":6,"7":1,"8":1,"9":1,"10":1,"11":1,"12":1,"13":5,"14":6,"15":5},"f":{"0":6,"1":1,"2":6},"b":{}}
,"/Users/yoki/Desktop/projects/car-pooling-challenge-candidate-WU0YzNkM2Y/src/modules/cars/tests/__mockData__.ts": {"path":"/Users/yoki/Desktop/projects/car-pooling-challenge-candidate-WU0YzNkM2Y/src/modules/cars/tests/__mockData__.ts","statementMap":{"0":{"start":{"line":1,"column":0},"end":{"line":1,"column":68}},"1":{"start":{"line":3,"column":23},"end":{"line":7,"column":1}},"2":{"start":{"line":4,"column":17},"end":{"line":4,"column":39}},"3":{"start":{"line":5,"column":4},"end":{"line":5,"column":20}},"4":{"start":{"line":6,"column":4},"end":{"line":6,"column":16}},"5":{"start":{"line":9,"column":32},"end":{"line":15,"column":1}},"6":{"start":{"line":10,"column":17},"end":{"line":10,"column":39}},"7":{"start":{"line":11,"column":4},"end":{"line":13,"column":null}},"8":{"start":{"line":12,"column":8},"end":{"line":12,"column":null}},"9":{"start":{"line":14,"column":4},"end":{"line":14,"column":16}},"10":{"start":{"line":16,"column":13},"end":{"line":25,"column":null}},"11":{"start":{"line":27,"column":13},"end":{"line":40,"column":null}},"12":{"start":{"line":42,"column":13},"end":{"line":51,"column":null}},"13":{"start":{"line":53,"column":13},"end":{"line":66,"column":null}},"14":{"start":{"line":68,"column":13},"end":{"line":71,"column":null}},"15":{"start":{"line":73,"column":13},"end":{"line":76,"column":null}},"16":{"start":{"line":78,"column":13},"end":{"line":81,"column":null}},"17":{"start":{"line":83,"column":13},"end":{"line":83,"column":null}},"18":{"start":{"line":85,"column":13},"end":{"line":89,"column":null}},"19":{"start":{"line":90,"column":13},"end":{"line":93,"column":null}},"20":{"start":{"line":94,"column":13},"end":{"line":97,"column":null}},"21":{"start":{"line":99,"column":13},"end":{"line":102,"column":null}}},"fnMap":{"0":{"name":"(anonymous_0)","decl":{"start":{"line":3,"column":23},"end":{"line":3,"column":24}},"loc":{"start":{"line":3,"column":41},"end":{"line":7,"column":1}}},"1":{"name":"(anonymous_1)","decl":{"start":{"line":9,"column":32},"end":{"line":9,"column":33}},"loc":{"start":{"line":9,"column":53},"end":{"line":15,"column":1}}},"2":{"name":"(anonymous_2)","decl":{"start":{"line":11,"column":19},"end":{"line":11,"column":24}},"loc":{"start":{"line":11,"column":27},"end":{"line":13,"column":5}}}},"branchMap":{},"s":{"0":7,"1":7,"2":42,"3":42,"4":42,"5":7,"6":14,"7":14,"8":28,"9":14,"10":7,"11":7,"12":7,"13":7,"14":7,"15":7,"16":7,"17":7,"18":7,"19":7,"20":7,"21":7},"f":{"0":42,"1":14,"2":28},"b":{}}
,"/Users/yoki/Desktop/projects/car-pooling-challenge-candidate-WU0YzNkM2Y/src/modules/journey/journey.controller.ts": {"path":"/Users/yoki/Desktop/projects/car-pooling-challenge-candidate-WU0YzNkM2Y/src/modules/journey/journey.controller.ts","statementMap":{"0":{"start":{"line":1,"column":0},"end":{"line":1,"column":93}},"1":{"start":{"line":2,"column":0},"end":{"line":2,"column":127}},"2":{"start":{"line":4,"column":0},"end":{"line":4,"column":76}},"3":{"start":{"line":5,"column":0},"end":{"line":5,"column":64}},"4":{"start":{"line":6,"column":0},"end":{"line":6,"column":64}},"5":{"start":{"line":7,"column":0},"end":{"line":7,"column":50}},"6":{"start":{"line":8,"column":0},"end":{"line":8,"column":66}},"7":{"start":{"line":9,"column":0},"end":{"line":9,"column":76}},"8":{"start":{"line":10,"column":0},"end":{"line":10,"column":51}},"9":{"start":{"line":13,"column":7},"end":{"line":63,"column":null}},"10":{"start":{"line":15,"column":24},"end":{"line":15,"column":40}},"11":{"start":{"line":23,"column":8},"end":{"line":23,"column":56}},"12":{"start":{"line":35,"column":32},"end":{"line":35,"column":90}},"13":{"start":{"line":36,"column":8},"end":{"line":39,"column":null}},"14":{"start":{"line":37,"column":12},"end":{"line":37,"column":50}},"15":{"start":{"line":38,"column":12},"end":{"line":38,"column":28}},"16":{"start":{"line":40,"column":8},"end":{"line":42,"column":null}},"17":{"start":{"line":41,"column":12},"end":{"line":41,"column":51}},"18":{"start":{"line":43,"column":8},"end":{"line":43,"column":27}},"19":{"start":{"line":55,"column":23},"end":{"line":55,"column":83}},"20":{"start":{"line":56,"column":8},"end":{"line":60,"column":null}},"21":{"start":{"line":57,"column":12},"end":{"line":57,"column":null}},"22":{"start":{"line":59,"column":12},"end":{"line":59,"column":null}},"23":{"start":{"line":61,"column":8},"end":{"line":61,"column":null}},"24":{"start":{"line":22,"column":10},"end":{"line":24,"column":null}},"25":{"start":{"line":34,"column":10},"end":{"line":44,"column":null}},"26":{"start":{"line":54,"column":10},"end":{"line":62,"column":null}},"27":{"start":{"line":13,"column":13},"end":{"line":63,"column":null}},"28":{"start":{"line":13,"column":13},"end":{"line":13,"column":30}}},"fnMap":{"0":{"name":"(anonymous_4)","decl":{"start":{"line":15,"column":4},"end":{"line":15,"column":24}},"loc":{"start":{"line":15,"column":54},"end":{"line":15,"column":58}}},"1":{"name":"(anonymous_5)","decl":{"start":{"line":22,"column":4},"end":{"line":22,"column":9}},"loc":{"start":{"line":22,"column":53},"end":{"line":24,"column":5}}},"2":{"name":"(anonymous_6)","decl":{"start":{"line":34,"column":4},"end":{"line":34,"column":9}},"loc":{"start":{"line":34,"column":90},"end":{"line":44,"column":5}}},"3":{"name":"(anonymous_7)","decl":{"start":{"line":54,"column":4},"end":{"line":54,"column":9}},"loc":{"start":{"line":54,"column":93},"end":{"line":62,"column":5}}}},"branchMap":{"0":{"loc":{"start":{"line":36,"column":8},"end":{"line":39,"column":null}},"type":"if","locations":[{"start":{"line":36,"column":8},"end":{"line":39,"column":null}}]},"1":{"loc":{"start":{"line":40,"column":8},"end":{"line":42,"column":null}},"type":"if","locations":[{"start":{"line":40,"column":8},"end":{"line":42,"column":null}}]},"2":{"loc":{"start":{"line":56,"column":8},"end":{"line":60,"column":null}},"type":"if","locations":[{"start":{"line":56,"column":8},"end":{"line":60,"column":null}},{"start":{"line":58,"column":15},"end":{"line":60,"column":null}}]}},"s":{"0":4,"1":4,"2":4,"3":4,"4":4,"5":4,"6":4,"7":4,"8":4,"9":4,"10":10,"11":1,"12":3,"13":3,"14":1,"15":1,"16":3,"17":1,"18":3,"19":2,"20":2,"21":1,"22":1,"23":2,"24":4,"25":4,"26":4,"27":4,"28":4},"f":{"0":10,"1":1,"2":3,"3":2},"b":{"0":[1],"1":[1],"2":[1,1]}}
,"/Users/yoki/Desktop/projects/car-pooling-challenge-candidate-WU0YzNkM2Y/src/modules/journey/journey.db.ts": {"path":"/Users/yoki/Desktop/projects/car-pooling-challenge-candidate-WU0YzNkM2Y/src/modules/journey/journey.db.ts","statementMap":{"0":{"start":{"line":1,"column":0},"end":{"line":1,"column":44}},"1":{"start":{"line":3,"column":0},"end":{"line":3,"column":69}},"2":{"start":{"line":6,"column":7},"end":{"line":82,"column":null}},"3":{"start":{"line":11,"column":8},"end":{"line":11,"column":null}},"4":{"start":{"line":12,"column":8},"end":{"line":12,"column":50}},"5":{"start":{"line":21,"column":8},"end":{"line":21,"column":36}},"6":{"start":{"line":29,"column":8},"end":{"line":29,"column":29}},"7":{"start":{"line":37,"column":8},"end":{"line":37,"column":40}},"8":{"start":{"line":45,"column":8},"end":{"line":45,"column":32}},"9":{"start":{"line":54,"column":8},"end":{"line":54,"column":40}},"10":{"start":{"line":63,"column":8},"end":{"line":63,"column":56}},"11":{"start":{"line":72,"column":8},"end":{"line":72,"column":47}},"12":{"start":{"line":79,"column":8},"end":{"line":79,"column":27}},"13":{"start":{"line":80,"column":8},"end":{"line":80,"column":50}},"14":{"start":{"line":6,"column":13},"end":{"line":82,"column":null}},"15":{"start":{"line":6,"column":13},"end":{"line":6,"column":22}}},"fnMap":{"0":{"name":"(anonymous_2)","decl":{"start":{"line":10,"column":4},"end":{"line":10,"column":null}},"loc":{"start":{"line":10,"column":4},"end":{"line":13,"column":5}}},"1":{"name":"(anonymous_3)","decl":{"start":{"line":20,"column":4},"end":{"line":20,"column":20}},"loc":{"start":{"line":20,"column":49},"end":{"line":22,"column":5}}},"2":{"name":"(anonymous_4)","decl":{"start":{"line":28,"column":4},"end":{"line":28,"column":18}},"loc":{"start":{"line":28,"column":18},"end":{"line":30,"column":5}}},"3":{"name":"(anonymous_5)","decl":{"start":{"line":36,"column":4},"end":{"line":36,"column":20}},"loc":{"start":{"line":36,"column":38},"end":{"line":38,"column":5}}},"4":{"name":"(anonymous_6)","decl":{"start":{"line":44,"column":4},"end":{"line":44,"column":18}},"loc":{"start":{"line":44,"column":18},"end":{"line":46,"column":5}}},"5":{"name":"(anonymous_7)","decl":{"start":{"line":53,"column":4},"end":{"line":53,"column":18}},"loc":{"start":{"line":53,"column":36},"end":{"line":55,"column":5}}},"6":{"name":"(anonymous_8)","decl":{"start":{"line":62,"column":4},"end":{"line":62,"column":23}},"loc":{"start":{"line":62,"column":57},"end":{"line":64,"column":5}}},"7":{"name":"(anonymous_9)","decl":{"start":{"line":71,"column":4},"end":{"line":71,"column":22}},"loc":{"start":{"line":71,"column":55},"end":{"line":73,"column":5}}},"8":{"name":"(anonymous_10)","decl":{"start":{"line":78,"column":4},"end":{"line":78,"column":11}},"loc":{"start":{"line":78,"column":11},"end":{"line":81,"column":5}}}},"branchMap":{},"s":{"0":8,"1":8,"2":8,"3":34,"4":34,"5":6,"6":5,"7":3,"8":4,"9":3,"10":1,"11":1,"12":1,"13":1,"14":8,"15":8},"f":{"0":34,"1":6,"2":5,"3":3,"4":4,"5":3,"6":1,"7":1,"8":1},"b":{}}
,"/Users/yoki/Desktop/projects/car-pooling-challenge-candidate-WU0YzNkM2Y/src/modules/journey/journey.dto.ts": {"path":"/Users/yoki/Desktop/projects/car-pooling-challenge-candidate-WU0YzNkM2Y/src/modules/journey/journey.dto.ts","statementMap":{"0":{"start":{"line":1,"column":0},"end":{"line":1,"column":13}},"1":{"start":{"line":6,"column":0},"end":{"line":6,"column":13}},"2":{"start":{"line":10,"column":0},"end":{"line":10,"column":13}}},"fnMap":{},"branchMap":{},"s":{"0":4,"1":4,"2":4},"f":{},"b":{}}
,"/Users/yoki/Desktop/projects/car-pooling-challenge-candidate-WU0YzNkM2Y/src/modules/journey/journey.helper.ts": {"path":"/Users/yoki/Desktop/projects/car-pooling-challenge-candidate-WU0YzNkM2Y/src/modules/journey/journey.helper.ts","statementMap":{"0":{"start":{"line":1,"column":0},"end":{"line":1,"column":71}},"1":{"start":{"line":3,"column":0},"end":{"line":3,"column":51}},"2":{"start":{"line":12,"column":29},"end":{"line":25,"column":1}},"3":{"start":{"line":13,"column":22},"end":{"line":13,"column":27}},"4":{"start":{"line":15,"column":4},"end":{"line":22,"column":null}},"5":{"start":{"line":16,"column":20},"end":{"line":16,"column":60}},"6":{"start":{"line":17,"column":8},"end":{"line":20,"column":null}},"7":{"start":{"line":18,"column":12},"end":{"line":18,"column":29}},"8":{"start":{"line":19,"column":12},"end":{"line":19,"column":18}},"9":{"start":{"line":21,"column":8},"end":{"line":21,"column":22}},"10":{"start":{"line":23,"column":19},"end":{"line":23,"column":77}},"11":{"start":{"line":24,"column":4},"end":{"line":24,"column":null}},"12":{"start":{"line":12,"column":13},"end":{"line":12,"column":29}},"13":{"start":{"line":35,"column":41},"end":{"line":49,"column":1}},"14":{"start":{"line":36,"column":16},"end":{"line":36,"column":40}},"15":{"start":{"line":37,"column":41},"end":{"line":37,"column":44}},"16":{"start":{"line":39,"column":25},"end":{"line":39,"column":50}},"17":{"start":{"line":41,"column":4},"end":{"line":45,"column":null}},"18":{"start":{"line":42,"column":8},"end":{"line":42,"column":55}},"19":{"start":{"line":44,"column":8},"end":{"line":44,"column":55}},"20":{"start":{"line":46,"column":4},"end":{"line":46,"column":46}},"21":{"start":{"line":47,"column":25},"end":{"line":47,"column":50}},"22":{"start":{"line":48,"column":4},"end":{"line":48,"column":null}},"23":{"start":{"line":35,"column":13},"end":{"line":35,"column":41}}},"fnMap":{"0":{"name":"(anonymous_0)","decl":{"start":{"line":12,"column":29},"end":{"line":12,"column":30}},"loc":{"start":{"line":12,"column":94},"end":{"line":25,"column":1}}},"1":{"name":"(anonymous_1)","decl":{"start":{"line":35,"column":41},"end":{"line":35,"column":42}},"loc":{"start":{"line":35,"column":114},"end":{"line":49,"column":1}}}},"branchMap":{"0":{"loc":{"start":{"line":16,"column":20},"end":{"line":16,"column":60}},"type":"cond-expr","locations":[{"start":{"line":16,"column":44},"end":{"line":16,"column":46}},{"start":{"line":16,"column":44},"end":{"line":16,"column":60}}]},"1":{"loc":{"start":{"line":16,"column":20},"end":{"line":16,"column":46}},"type":"binary-expr","locations":[{"start":{"line":16,"column":20},"end":{"line":16,"column":46}},{"start":{"line":16,"column":44},"end":{"line":16,"column":46}}]},"2":{"loc":{"start":{"line":17,"column":8},"end":{"line":20,"column":null}},"type":"if","locations":[{"start":{"line":17,"column":8},"end":{"line":20,"column":null}}]},"3":{"loc":{"start":{"line":23,"column":19},"end":{"line":23,"column":77}},"type":"cond-expr","locations":[{"start":{"line":23,"column":27},"end":{"line":23,"column":52}},{"start":{"line":23,"column":55},"end":{"line":23,"column":77}}]},"4":{"loc":{"start":{"line":41,"column":4},"end":{"line":45,"column":null}},"type":"if","locations":[{"start":{"line":41,"column":4},"end":{"line":45,"column":null}},{"start":{"line":43,"column":11},"end":{"line":45,"column":null}}]}},"s":{"0":6,"1":6,"2":6,"3":7,"4":7,"5":6,"6":6,"7":4,"8":4,"9":2,"10":7,"11":7,"12":6,"13":6,"14":2,"15":2,"16":2,"17":2,"18":1,"19":1,"20":2,"21":2,"22":2,"23":6},"f":{"0":7,"1":2},"b":{"0":[0,6],"1":[6,6],"2":[4],"3":[4,3],"4":[1,1]}}
,"/Users/yoki/Desktop/projects/car-pooling-challenge-candidate-WU0YzNkM2Y/src/modules/journey/journey.module.ts": {"path":"/Users/yoki/Desktop/projects/car-pooling-challenge-candidate-WU0YzNkM2Y/src/modules/journey/journey.module.ts","statementMap":{"0":{"start":{"line":1,"column":0},"end":{"line":1,"column":52}},"1":{"start":{"line":2,"column":0},"end":{"line":2,"column":49}},"2":{"start":{"line":3,"column":0},"end":{"line":3,"column":57}},"3":{"start":{"line":4,"column":0},"end":{"line":4,"column":41}},"4":{"start":{"line":5,"column":0},"end":{"line":5,"column":51}},"5":{"start":{"line":13,"column":7},"end":{"line":13,"column":null}},"6":{"start":{"line":13,"column":13},"end":{"line":13,"column":null}},"7":{"start":{"line":8,"column":31},"end":{"line":8,"column":41}},"8":{"start":{"line":13,"column":13},"end":{"line":13,"column":26}}},"fnMap":{"0":{"name":"(anonymous_1)","decl":{"start":{"line":8,"column":25},"end":{"line":8,"column":28}},"loc":{"start":{"line":8,"column":31},"end":{"line":8,"column":41}}}},"branchMap":{},"s":{"0":3,"1":3,"2":3,"3":3,"4":3,"5":3,"6":3,"7":12,"8":3},"f":{"0":12},"b":{}}
,"/Users/yoki/Desktop/projects/car-pooling-challenge-candidate-WU0YzNkM2Y/src/modules/journey/journey.schema.ts": {"path":"/Users/yoki/Desktop/projects/car-pooling-challenge-candidate-WU0YzNkM2Y/src/modules/journey/journey.schema.ts","statementMap":{"0":{"start":{"line":1,"column":0},"end":{"line":1,"column":24}},"1":{"start":{"line":3,"column":13},"end":{"line":6,"column":null}},"2":{"start":{"line":8,"column":13},"end":{"line":10,"column":null}},"3":{"start":{"line":12,"column":13},"end":{"line":14,"column":null}}},"fnMap":{},"branchMap":{},"s":{"0":4,"1":4,"2":4,"3":4},"f":{},"b":{}}
,"/Users/yoki/Desktop/projects/car-pooling-challenge-candidate-WU0YzNkM2Y/src/modules/journey/journey.service.ts": {"path":"/Users/yoki/Desktop/projects/car-pooling-challenge-candidate-WU0YzNkM2Y/src/modules/journey/journey.service.ts","statementMap":{"0":{"start":{"line":1,"column":0},"end":{"line":1,"column":112}},"1":{"start":{"line":2,"column":0},"end":{"line":2,"column":87}},"2":{"start":{"line":3,"column":0},"end":{"line":3,"column":41}},"3":{"start":{"line":5,"column":0},"end":{"line":5,"column":41}},"4":{"start":{"line":7,"column":0},"end":{"line":7,"column":76}},"5":{"start":{"line":10,"column":27},"end":{"line":137,"column":null}},"6":{"start":{"line":13,"column":24},"end":{"line":13,"column":35}},"7":{"start":{"line":13,"column":88},"end":{"line":13,"column":96}},"8":{"start":{"line":11,"column":21},"end":{"line":11,"column":62}},"9":{"start":{"line":22,"column":8},"end":{"line":22,"column":57}},"10":{"start":{"line":24,"column":8},"end":{"line":26,"column":null}},"11":{"start":{"line":25,"column":12},"end":{"line":25,"column":68}},"12":{"start":{"line":27,"column":28},"end":{"line":27,"column":56}},"13":{"start":{"line":28,"column":34},"end":{"line":28,"column":76}},"14":{"start":{"line":29,"column":30},"end":{"line":33,"column":null}},"15":{"start":{"line":35,"column":8},"end":{"line":35,"column":67}},"16":{"start":{"line":38,"column":8},"end":{"line":45,"column":null}},"17":{"start":{"line":39,"column":51},"end":{"line":39,"column":138}},"18":{"start":{"line":40,"column":12},"end":{"line":40,"column":77}},"19":{"start":{"line":41,"column":12},"end":{"line":41,"column":57}},"20":{"start":{"line":43,"column":12},"end":{"line":43,"column":56}},"21":{"start":{"line":44,"column":12},"end":{"line":44,"column":66}},"22":{"start":{"line":47,"column":8},"end":{"line":47,"column":59}},"23":{"start":{"line":62,"column":24},"end":{"line":62,"column":64}},"24":{"start":{"line":64,"column":8},"end":{"line":71,"column":null}},"25":{"start":{"line":65,"column":24},"end":{"line":65,"column":61}},"26":{"start":{"line":66,"column":12},"end":{"line":66,"column":null}},"27":{"start":{"line":67,"column":15},"end":{"line":71,"column":null}},"28":{"start":{"line":68,"column":12},"end":{"line":68,"column":74}},"29":{"start":{"line":70,"column":12},"end":{"line":70,"column":72}},"30":{"start":{"line":82,"column":8},"end":{"line":82,"column":51}},"31":{"start":{"line":84,"column":24},"end":{"line":84,"column":64}},"32":{"start":{"line":87,"column":8},"end":{"line":89,"column":null}},"33":{"start":{"line":88,"column":12},"end":{"line":88,"column":66}},"34":{"start":{"line":92,"column":8},"end":{"line":94,"column":null}},"35":{"start":{"line":93,"column":12},"end":{"line":93,"column":45}},"36":{"start":{"line":97,"column":8},"end":{"line":103,"column":null}},"37":{"start":{"line":98,"column":12},"end":{"line":98,"column":82}},"38":{"start":{"line":99,"column":32},"end":{"line":99,"column":63}},"39":{"start":{"line":100,"column":12},"end":{"line":100,"column":50}},"40":{"start":{"line":101,"column":12},"end":{"line":101,"column":57}},"41":{"start":{"line":102,"column":12},"end":{"line":102,"column":45}},"42":{"start":{"line":107,"column":47},"end":{"line":107,"column":141}},"43":{"start":{"line":108,"column":8},"end":{"line":108,"column":81}},"44":{"start":{"line":109,"column":8},"end":{"line":109,"column":80}},"45":{"start":{"line":111,"column":28},"end":{"line":111,"column":59}},"46":{"start":{"line":112,"column":22},"end":{"line":112,"column":38}},"47":{"start":{"line":113,"column":20},"end":{"line":113,"column":57}},"48":{"start":{"line":114,"column":36},"end":{"line":114,"column":69}},"49":{"start":{"line":116,"column":8},"end":{"line":133,"column":null}},"50":{"start":{"line":117,"column":34},"end":{"line":117,"column":77}},"51":{"start":{"line":118,"column":12},"end":{"line":121,"column":null}},"52":{"start":{"line":119,"column":16},"end":{"line":119,"column":39}},"53":{"start":{"line":120,"column":16},"end":{"line":120,"column":25}},"54":{"start":{"line":122,"column":32},"end":{"line":122,"column":60}},"55":{"start":{"line":123,"column":30},"end":{"line":123,"column":78}},"56":{"start":{"line":124,"column":12},"end":{"line":131,"column":null}},"57":{"start":{"line":125,"column":16},"end":{"line":125,"column":85}},"58":{"start":{"line":126,"column":55},"end":{"line":126,"column":148}},"59":{"start":{"line":127,"column":16},"end":{"line":127,"column":81}},"60":{"start":{"line":128,"column":16},"end":{"line":128,"column":71}},"61":{"start":{"line":129,"column":16},"end":{"line":129,"column":92}},"62":{"start":{"line":130,"column":16},"end":{"line":130,"column":49}},"63":{"start":{"line":132,"column":12},"end":{"line":132,"column":35}},"64":{"start":{"line":134,"column":8},"end":{"line":134,"column":53}},"65":{"start":{"line":10,"column":13},"end":{"line":137,"column":null}},"66":{"start":{"line":13,"column":71},"end":{"line":13,"column":77}},"67":{"start":{"line":10,"column":13},"end":{"line":10,"column":27}}},"fnMap":{"0":{"name":"(anonymous_4)","decl":{"start":{"line":13,"column":4},"end":{"line":13,"column":24}},"loc":{"start":{"line":13,"column":102},"end":{"line":13,"column":106}}},"1":{"name":"(anonymous_5)","decl":{"start":{"line":21,"column":4},"end":{"line":21,"column":22}},"loc":{"start":{"line":21,"column":42},"end":{"line":48,"column":5}}},"2":{"name":"(anonymous_6)","decl":{"start":{"line":60,"column":4},"end":{"line":60,"column":17}},"loc":{"start":{"line":60,"column":35},"end":{"line":72,"column":5}}},"3":{"name":"(anonymous_7)","decl":{"start":{"line":81,"column":4},"end":{"line":81,"column":18}},"loc":{"start":{"line":81,"column":36},"end":{"line":136,"column":5}}},"4":{"name":"(anonymous_8)","decl":{"start":{"line":13,"column":65},"end":{"line":13,"column":68}},"loc":{"start":{"line":13,"column":71},"end":{"line":13,"column":77}}}},"branchMap":{"0":{"loc":{"start":{"line":24,"column":8},"end":{"line":26,"column":null}},"type":"if","locations":[{"start":{"line":24,"column":8},"end":{"line":26,"column":null}}]},"1":{"loc":{"start":{"line":38,"column":8},"end":{"line":45,"column":null}},"type":"if","locations":[{"start":{"line":38,"column":8},"end":{"line":45,"column":null}},{"start":{"line":42,"column":15},"end":{"line":45,"column":null}}]},"2":{"loc":{"start":{"line":64,"column":8},"end":{"line":71,"column":null}},"type":"if","locations":[{"start":{"line":64,"column":8},"end":{"line":71,"column":null}},{"start":{"line":67,"column":15},"end":{"line":71,"column":null}}]},"3":{"loc":{"start":{"line":64,"column":11},"end":{"line":64,"column":76}},"type":"binary-expr","locations":[{"start":{"line":64,"column":11},"end":{"line":64,"column":18}},{"start":{"line":64,"column":23},"end":{"line":64,"column":74}}]},"4":{"loc":{"start":{"line":67,"column":15},"end":{"line":71,"column":null}},"type":"if","locations":[{"start":{"line":67,"column":15},"end":{"line":71,"column":null}},{"start":{"line":69,"column":15},"end":{"line":71,"column":null}}]},"5":{"loc":{"start":{"line":67,"column":18},"end":{"line":67,"column":131}},"type":"binary-expr","locations":[{"start":{"line":67,"column":18},"end":{"line":67,"column":25}},{"start":{"line":67,"column":30},"end":{"line":67,"column":78}},{"start":{"line":67,"column":82},"end":{"line":67,"column":130}}]},"6":{"loc":{"start":{"line":87,"column":8},"end":{"line":89,"column":null}},"type":"if","locations":[{"start":{"line":87,"column":8},"end":{"line":89,"column":null}}]},"7":{"loc":{"start":{"line":92,"column":8},"end":{"line":94,"column":null}},"type":"if","locations":[{"start":{"line":92,"column":8},"end":{"line":94,"column":null}}]},"8":{"loc":{"start":{"line":92,"column":11},"end":{"line":92,"column":113}},"type":"binary-expr","locations":[{"start":{"line":92,"column":11},"end":{"line":92,"column":61}},{"start":{"line":92,"column":65},"end":{"line":92,"column":113}}]},"9":{"loc":{"start":{"line":97,"column":8},"end":{"line":103,"column":null}},"type":"if","locations":[{"start":{"line":97,"column":8},"end":{"line":103,"column":null}}]},"10":{"loc":{"start":{"line":118,"column":12},"end":{"line":121,"column":null}},"type":"if","locations":[{"start":{"line":118,"column":12},"end":{"line":121,"column":null}}]},"11":{"loc":{"start":{"line":124,"column":12},"end":{"line":131,"column":null}},"type":"if","locations":[{"start":{"line":124,"column":12},"end":{"line":131,"column":null}}]}},"s":{"0":5,"1":5,"2":5,"3":5,"4":5,"5":5,"6":22,"7":22,"8":22,"9":3,"10":3,"11":1,"12":2,"13":2,"14":2,"15":2,"16":2,"17":1,"18":1,"19":1,"20":1,"21":1,"22":2,"23":4,"24":4,"25":1,"26":1,"27":3,"28":2,"29":1,"30":5,"31":5,"32":5,"33":1,"34":4,"35":2,"36":2,"37":1,"38":1,"39":1,"40":1,"41":1,"42":1,"43":1,"44":1,"45":1,"46":1,"47":1,"48":1,"49":1,"50":2,"51":2,"52":1,"53":1,"54":1,"55":1,"56":1,"57":1,"58":1,"59":1,"60":1,"61":1,"62":1,"63":1,"64":1,"65":5,"66":22,"67":5},"f":{"0":22,"1":3,"2":4,"3":5,"4":22},"b":{"0":[1],"1":[1,1],"2":[1,3],"3":[4,3],"4":[2,1],"5":[3,2,1],"6":[1],"7":[2],"8":[4,3],"9":[1],"10":[1],"11":[1]}}
,"/Users/yoki/Desktop/projects/car-pooling-challenge-candidate-WU0YzNkM2Y/src/modules/journey/tests/__mockdata__.ts": {"path":"/Users/yoki/Desktop/projects/car-pooling-challenge-candidate-WU0YzNkM2Y/src/modules/journey/tests/__mockdata__.ts","statementMap":{"0":{"start":{"line":1,"column":0},"end":{"line":1,"column":69}},"1":{"start":{"line":3,"column":13},"end":{"line":6,"column":null}},"2":{"start":{"line":7,"column":13},"end":{"line":13,"column":null}},"3":{"start":{"line":14,"column":13},"end":{"line":17,"column":null}},"4":{"start":{"line":18,"column":13},"end":{"line":21,"column":null}},"5":{"start":{"line":22,"column":13},"end":{"line":26,"column":null}},"6":{"start":{"line":28,"column":13},"end":{"line":32,"column":null}},"7":{"start":{"line":33,"column":13},"end":{"line":36,"column":null}},"8":{"start":{"line":38,"column":13},"end":{"line":41,"column":null}},"9":{"start":{"line":42,"column":13},"end":{"line":44,"column":null}}},"fnMap":{},"branchMap":{},"s":{"0":3,"1":3,"2":3,"3":3,"4":3,"5":3,"6":3,"7":3,"8":3,"9":3},"f":{},"b":{}}
,"/Users/yoki/Desktop/projects/car-pooling-challenge-candidate-WU0YzNkM2Y/src/pipes/ZodValidationPipe.ts": {"path":"/Users/yoki/Desktop/projects/car-pooling-challenge-candidate-WU0YzNkM2Y/src/pipes/ZodValidationPipe.ts","statementMap":{"0":{"start":{"line":1,"column":0},"end":{"line":1,"column":86}},"1":{"start":{"line":8,"column":22},"end":{"line":8,"column":39}},"2":{"start":{"line":11,"column":4},"end":{"line":16,"column":null}},"3":{"start":{"line":12,"column":26},"end":{"line":12,"column":50}},"4":{"start":{"line":13,"column":6},"end":{"line":13,"column":25}},"5":{"start":{"line":15,"column":6},"end":{"line":15,"column":57}},"6":{"start":{"line":7,"column":0},"end":{"line":7,"column":13}}},"fnMap":{"0":{"name":"(anonymous_0)","decl":{"start":{"line":8,"column":2},"end":{"line":8,"column":22}},"loc":{"start":{"line":8,"column":39},"end":{"line":8,"column":43}}},"1":{"name":"(anonymous_1)","decl":{"start":{"line":10,"column":2},"end":{"line":10,"column":11}},"loc":{"start":{"line":10,"column":54},"end":{"line":17,"column":3}}}},"branchMap":{},"s":{"0":6,"1":17,"2":2,"3":2,"4":1,"5":1,"6":6},"f":{"0":17,"1":2},"b":{}}
}
