TN:
SF:src/main.ts
FN:7,bootstrap
FNF:1
FNH:0
FNDA:0,bootstrap
DA:1,0
DA:2,0
DA:3,0
DA:4,0
DA:5,0
DA:8,0
DA:11,0
DA:12,0
DA:18,0
DA:19,0
DA:20,0
DA:22,0
LF:12
LH:0
BRF:0
BRH:0
end_of_record
TN:
SF:src/common/constants.ts
FN:1,(anonymous_0)
FN:7,(anonymous_1)
FNF:2
FNH:2
FNDA:11,(anonymous_0)
FNDA:11,(anonymous_1)
DA:1,11
DA:2,11
DA:3,11
DA:4,11
DA:5,11
DA:7,11
DA:8,11
DA:9,11
DA:11,11
DA:17,11
DA:18,11
LF:11
LH:11
BRDA:1,0,0,11
BRDA:1,0,1,11
BRDA:7,1,0,11
BRDA:7,1,1,11
BRF:4
BRH:4
end_of_record
TN:
SF:src/common/validations.ts
FNF:0
FNH:0
DA:1,7
DA:7,7
DA:13,7
LF:3
LH:3
BRF:0
BRH:0
end_of_record
TN:
SF:src/common/utils/DoublyLinkedList.ts
FN:6,(anonymous_0)
FN:11,(anonymous_1)
FN:17,(anonymous_2)
FN:36,(anonymous_3)
FN:41,(anonymous_4)
FN:76,(anonymous_5)
FNF:6
FNH:6
FNDA:137,(anonymous_0)
FNDA:3,(anonymous_1)
FNDA:106,(anonymous_2)
FNDA:10,(anonymous_3)
FNDA:6,(anonymous_4)
FNDA:106,(anonymous_5)
DA:1,13
DA:7,137
DA:8,137
DA:12,3
DA:13,2
DA:19,106
DA:22,106
DA:23,87
DA:24,87
DA:29,19
DA:30,19
DA:31,19
DA:37,10
DA:42,6
DA:44,6
DA:45,1
DA:48,6
DA:49,1
DA:52,5
DA:53,4
DA:55,1
DA:58,5
DA:59,3
DA:61,2
DA:64,5
DA:77,106
DA:78,106
DA:79,106
LF:28
LH:28
BRDA:12,0,0,1
BRDA:22,1,0,87
BRDA:22,1,1,19
BRDA:44,2,0,7
BRDA:44,2,1,6
BRDA:48,3,0,1
BRDA:52,4,0,4
BRDA:52,4,1,1
BRDA:58,5,0,3
BRDA:58,5,1,2
BRF:10
BRH:10
end_of_record
TN:
SF:src/middleware/common.request.middleware.ts
FN:13,(anonymous_1)
FNF:1
FNH:1
FNDA:3,(anonymous_1)
DA:1,2
DA:3,2
DA:4,2
DA:12,2
DA:14,3
DA:15,3
DA:18,3
DA:20,3
DA:21,1
DA:23,2
DA:24,1
DA:26,1
LF:12
LH:12
BRDA:20,0,0,1
BRDA:23,1,0,1
BRF:2
BRH:2
end_of_record
TN:
SF:src/modules/app/app.controller.ts
FN:6,(anonymous_2)
FN:9,(anonymous_3)
FNF:2
FNH:2
FNDA:3,(anonymous_2)
FNDA:1,(anonymous_3)
DA:1,2
DA:2,2
DA:5,2
DA:6,3
DA:8,2
DA:10,1
LF:6
LH:6
BRF:0
BRH:0
end_of_record
TN:
SF:src/modules/app/app.module.ts
FN:15,(anonymous_1)
FNF:1
FNH:1
FNDA:1,(anonymous_1)
DA:1,1
DA:2,1
DA:3,1
DA:4,1
DA:5,1
DA:6,1
DA:14,1
DA:16,1
DA:19,1
DA:22,1
DA:25,1
LF:11
LH:11
BRF:0
BRH:0
end_of_record
TN:
SF:src/modules/app/app.service.ts
FN:5,(anonymous_1)
FNF:1
FNH:1
FNDA:1,(anonymous_1)
DA:1,2
DA:4,2
DA:6,1
LF:3
LH:3
BRF:0
BRH:0
end_of_record
TN:
SF:src/modules/cars/cars.controller.ts
FN:11,(anonymous_4)
FN:17,(anonymous_5)
FNF:2
FNH:2
FNDA:5,(anonymous_4)
FNDA:1,(anonymous_5)
DA:1,4
DA:2,4
DA:3,4
DA:4,4
DA:5,4
DA:6,4
DA:7,4
DA:10,4
DA:11,5
DA:17,4
DA:18,1
LF:11
LH:11
BRF:0
BRH:0
end_of_record
TN:
SF:src/modules/cars/cars.db.ts
FN:13,(anonymous_2)
FN:22,(anonymous_3)
FN:30,(anonymous_4)
FN:39,(anonymous_5)
FN:48,(anonymous_6)
FN:57,(anonymous_7)
FN:74,(anonymous_8)
FN:93,(anonymous_9)
FNF:8
FNH:8
FNDA:34,(anonymous_2)
FNDA:5,(anonymous_3)
FNDA:7,(anonymous_4)
FNDA:1,(anonymous_5)
FNDA:1,(anonymous_6)
FNDA:9,(anonymous_7)
FNDA:2,(anonymous_8)
FNDA:1,(anonymous_9)
DA:1,8
DA:2,8
DA:4,8
DA:6,8
DA:9,8
DA:14,34
DA:15,34
DA:23,5
DA:31,7
DA:40,1
DA:49,1
DA:58,9
DA:59,9
DA:60,8
DA:61,8
DA:62,8
DA:64,1
DA:75,2
DA:76,2
DA:77,2
DA:79,2
DA:80,2
DA:81,2
DA:82,1
DA:83,1
DA:85,1
DA:94,1
DA:95,1
LF:28
LH:28
BRDA:75,0,0,2
BRDA:79,1,0,2
BRDA:81,2,0,1
BRDA:81,2,1,1
BRF:4
BRH:4
end_of_record
TN:
SF:src/modules/cars/cars.dto.ts
FNF:0
FNH:0
DA:1,5
LF:1
LH:1
BRF:0
BRH:0
end_of_record
TN:
SF:src/modules/cars/cars.helper.ts
FN:9,(anonymous_0)
FN:13,(anonymous_1)
FNF:2
FNH:2
FNDA:11,(anonymous_0)
FNDA:21,(anonymous_1)
DA:1,9
DA:9,9
DA:10,11
DA:11,11
DA:13,11
DA:14,21
DA:22,21
DA:23,1
DA:24,1
DA:26,20
DA:27,20
DA:28,20
DA:31,10
LF:13
LH:13
BRDA:22,0,0,1
BRDA:22,0,1,20
BRF:2
BRH:2
end_of_record
TN:
SF:src/modules/cars/cars.module.ts
FN:8,(anonymous_1)
FNF:1
FNH:1
FNDA:12,(anonymous_1)
DA:1,3
DA:2,3
DA:3,3
DA:4,3
DA:5,3
DA:8,12
DA:13,3
LF:7
LH:7
BRF:0
BRH:0
end_of_record
TN:
SF:src/modules/cars/cars.schema.ts
FNF:0
FNH:0
DA:1,5
DA:3,5
DA:8,5
LF:3
LH:3
BRF:0
BRH:0
end_of_record
TN:
SF:src/modules/cars/cars.service.ts
FN:10,(anonymous_4)
FN:19,(anonymous_5)
FN:10,(anonymous_6)
FNF:3
FNH:3
FNDA:6,(anonymous_4)
FNDA:1,(anonymous_5)
FNDA:6,(anonymous_6)
DA:1,5
DA:2,5
DA:3,5
DA:7,5
DA:8,6
DA:10,6
DA:20,1
DA:22,1
DA:23,1
DA:25,1
DA:26,1
DA:27,1
LF:12
LH:12
BRF:0
BRH:0
end_of_record
TN:
SF:src/modules/cars/tests/__mockData__.ts
FN:3,(anonymous_0)
FN:9,(anonymous_1)
FN:11,(anonymous_2)
FNF:3
FNH:3
FNDA:42,(anonymous_0)
FNDA:14,(anonymous_1)
FNDA:28,(anonymous_2)
DA:1,7
DA:3,7
DA:4,42
DA:5,42
DA:6,42
DA:9,7
DA:10,14
DA:11,14
DA:12,28
DA:14,14
DA:16,7
DA:27,7
DA:42,7
DA:53,7
DA:68,7
DA:73,7
DA:78,7
DA:83,7
DA:85,7
DA:90,7
DA:94,7
DA:99,7
LF:22
LH:22
BRF:0
BRH:0
end_of_record
TN:
SF:src/modules/journey/journey.controller.ts
FN:15,(anonymous_4)
FN:22,(anonymous_5)
FN:34,(anonymous_6)
FN:54,(anonymous_7)
FNF:4
FNH:4
FNDA:10,(anonymous_4)
FNDA:1,(anonymous_5)
FNDA:3,(anonymous_6)
FNDA:2,(anonymous_7)
DA:1,4
DA:2,4
DA:4,4
DA:5,4
DA:6,4
DA:7,4
DA:8,4
DA:9,4
DA:10,4
DA:13,4
DA:15,10
DA:22,4
DA:23,1
DA:34,4
DA:35,3
DA:36,3
DA:37,1
DA:38,1
DA:40,3
DA:41,1
DA:43,3
DA:54,4
DA:55,2
DA:56,2
DA:57,1
DA:59,1
DA:61,2
LF:27
LH:27
BRDA:36,0,0,1
BRDA:40,1,0,1
BRDA:56,2,0,1
BRDA:56,2,1,1
BRF:4
BRH:4
end_of_record
TN:
SF:src/modules/journey/journey.db.ts
FN:10,(anonymous_2)
FN:20,(anonymous_3)
FN:28,(anonymous_4)
FN:36,(anonymous_5)
FN:44,(anonymous_6)
FN:53,(anonymous_7)
FN:62,(anonymous_8)
FN:71,(anonymous_9)
FN:78,(anonymous_10)
FNF:9
FNH:9
FNDA:34,(anonymous_2)
FNDA:6,(anonymous_3)
FNDA:5,(anonymous_4)
FNDA:3,(anonymous_5)
FNDA:4,(anonymous_6)
FNDA:3,(anonymous_7)
FNDA:1,(anonymous_8)
FNDA:1,(anonymous_9)
FNDA:1,(anonymous_10)
DA:1,8
DA:3,8
DA:6,8
DA:11,34
DA:12,34
DA:21,6
DA:29,5
DA:37,3
DA:45,4
DA:54,3
DA:63,1
DA:72,1
DA:79,1
DA:80,1
LF:14
LH:14
BRF:0
BRH:0
end_of_record
TN:
SF:src/modules/journey/journey.dto.ts
FNF:0
FNH:0
DA:1,4
DA:6,4
DA:10,4
LF:3
LH:3
BRF:0
BRH:0
end_of_record
TN:
SF:src/modules/journey/journey.helper.ts
FN:12,(anonymous_0)
FN:35,(anonymous_1)
FNF:2
FNH:2
FNDA:7,(anonymous_0)
FNDA:2,(anonymous_1)
DA:1,6
DA:3,6
DA:12,6
DA:13,7
DA:15,7
DA:16,6
DA:17,6
DA:18,4
DA:19,4
DA:21,2
DA:23,7
DA:24,7
DA:35,6
DA:36,2
DA:37,2
DA:39,2
DA:41,2
DA:42,1
DA:44,1
DA:46,2
DA:47,2
DA:48,2
LF:22
LH:22
BRDA:16,0,0,0
BRDA:16,0,1,6
BRDA:16,1,0,6
BRDA:16,1,1,6
BRDA:17,2,0,4
BRDA:23,3,0,4
BRDA:23,3,1,3
BRDA:41,4,0,1
BRDA:41,4,1,1
BRF:9
BRH:8
end_of_record
TN:
SF:src/modules/journey/journey.module.ts
FN:8,(anonymous_1)
FNF:1
FNH:1
FNDA:12,(anonymous_1)
DA:1,3
DA:2,3
DA:3,3
DA:4,3
DA:5,3
DA:8,12
DA:13,3
LF:7
LH:7
BRF:0
BRH:0
end_of_record
TN:
SF:src/modules/journey/journey.schema.ts
FNF:0
FNH:0
DA:1,4
DA:3,4
DA:8,4
DA:12,4
LF:4
LH:4
BRF:0
BRH:0
end_of_record
TN:
SF:src/modules/journey/journey.service.ts
FN:13,(anonymous_4)
FN:21,(anonymous_5)
FN:60,(anonymous_6)
FN:81,(anonymous_7)
FN:13,(anonymous_8)
FNF:5
FNH:5
FNDA:22,(anonymous_4)
FNDA:3,(anonymous_5)
FNDA:4,(anonymous_6)
FNDA:5,(anonymous_7)
FNDA:22,(anonymous_8)
DA:1,5
DA:2,5
DA:3,5
DA:5,5
DA:7,5
DA:10,5
DA:11,22
DA:13,22
DA:22,3
DA:24,3
DA:25,1
DA:27,2
DA:28,2
DA:29,2
DA:35,2
DA:38,2
DA:39,1
DA:40,1
DA:41,1
DA:43,1
DA:44,1
DA:47,2
DA:62,4
DA:64,4
DA:65,1
DA:66,1
DA:67,3
DA:68,2
DA:70,1
DA:82,5
DA:84,5
DA:87,5
DA:88,1
DA:92,4
DA:93,2
DA:97,2
DA:98,1
DA:99,1
DA:100,1
DA:101,1
DA:102,1
DA:107,1
DA:108,1
DA:109,1
DA:111,1
DA:112,1
DA:113,1
DA:114,1
DA:116,1
DA:117,2
DA:118,2
DA:119,1
DA:120,1
DA:122,1
DA:123,1
DA:124,1
DA:125,1
DA:126,1
DA:127,1
DA:128,1
DA:129,1
DA:130,1
DA:132,1
DA:134,1
LF:64
LH:64
BRDA:24,0,0,1
BRDA:38,1,0,1
BRDA:38,1,1,1
BRDA:64,2,0,1
BRDA:64,2,1,3
BRDA:64,3,0,4
BRDA:64,3,1,3
BRDA:67,4,0,2
BRDA:67,4,1,1
BRDA:67,5,0,3
BRDA:67,5,1,2
BRDA:67,5,2,1
BRDA:87,6,0,1
BRDA:92,7,0,2
BRDA:92,8,0,4
BRDA:92,8,1,3
BRDA:97,9,0,1
BRDA:118,10,0,1
BRDA:124,11,0,1
BRF:19
BRH:19
end_of_record
TN:
SF:src/modules/journey/tests/__mockdata__.ts
FNF:0
FNH:0
DA:1,3
DA:3,3
DA:7,3
DA:14,3
DA:18,3
DA:22,3
DA:28,3
DA:33,3
DA:38,3
DA:42,3
LF:10
LH:10
BRF:0
BRH:0
end_of_record
TN:
SF:src/pipes/ZodValidationPipe.ts
FN:8,(anonymous_0)
FN:10,(anonymous_1)
FNF:2
FNH:2
FNDA:17,(anonymous_0)
FNDA:2,(anonymous_1)
DA:1,6
DA:7,6
DA:8,17
DA:11,2
DA:12,2
DA:13,1
DA:15,1
LF:7
LH:7
BRF:0
BRH:0
end_of_record
